[00:50:15] [ServerMain/INFO]: [bootstrap] Running Java 21 (OpenJDK 64-Bit Server VM 21.0.6+7-Ubuntu-120.04.1; Ubuntu null) on Linux 6.8.0-1026-azure (amd64)
[00:50:15] [ServerMain/INFO]: [bootstrap] Loading Paper 1.21-130-master@b1b5d4c (2024-08-10T10:02:42Z) for Minecraft 1.21
[00:50:15] [ServerMain/INFO]: [PluginInitializerManager] Initializing plugins...
[00:50:15] [ServerMain/INFO]: [PluginInitializerManager] Initialized 0 plugins
[00:50:23] [ServerMain/INFO]: Environment: Environment[sessionHost=https://sessionserver.mojang.com, servicesHost=https://api.minecraftservices.com, name=PROD]
[00:50:25] [ServerMain/INFO]: Loaded 1290 recipes
[00:50:26] [ServerMain/INFO]: Loaded 1399 advancements
[00:50:26] [Server thread/INFO]: Starting minecraft server version 1.21
[00:50:26] [Server thread/INFO]: Loading properties
[00:50:26] [Server thread/INFO]: This server is running Paper version 1.21-130-master@b1b5d4c (2024-08-10T10:02:42Z) (Implementing API version 1.21-R0.1-SNAPSHOT)
[00:50:27] [Server thread/INFO]: [spark] This server bundles the spark profiler. For more information please visit https://docs.papermc.io/paper/profiling
[00:50:27] [Server thread/INFO]: Server Ping Player Sample Count: 12
[00:50:27] [Server thread/INFO]: Using 4 threads for Netty based IO
[00:50:28] [Server thread/INFO]: [ChunkTaskScheduler] Chunk system is using 1 I/O threads, 1 worker threads, and population gen parallelism of 1 threads
[00:50:29] [Server thread/INFO]: Default game type: SURVIVAL
[00:50:29] [Server thread/INFO]: Generating keypair
[00:50:29] [Server thread/INFO]: Starting Minecraft server on *:25565
[00:50:29] [Server thread/INFO]: Using epoll channel type
[00:50:29] [Server thread/INFO]: Paper: Using libdeflate (Linux x86_64) compression from Velocity.
[00:50:29] [Server thread/INFO]: Paper: Using OpenSSL 1.1.x (Linux x86_64) cipher from Velocity.
[00:50:29] [Server thread/INFO]: Server permissions file permissions.yml is empty, ignoring it
[00:50:29] [Server thread/WARN]: **** SERVER IS RUNNING IN OFFLINE/INSECURE MODE!
[00:50:29] [Server thread/WARN]: The server will make no attempt to authenticate usernames. Beware.
[00:50:29] [Server thread/WARN]: While this makes the game possible to play without internet access, it also opens up the ability for hackers to connect with any username they choose.
[00:50:29] [Server thread/WARN]: To change this, set "online-mode" to "true" in the server.properties file.
[00:50:29] [Server thread/INFO]: Preparing level "world"
[00:50:30] [Server thread/INFO]: Preparing start region for dimension minecraft:overworld
[00:50:32] [Server thread/INFO]: Time elapsed: 1950 ms
[00:50:32] [Server thread/INFO]: Preparing start region for dimension minecraft:the_nether
[00:50:32] [Server thread/INFO]: Time elapsed: 304 ms
[00:50:32] [Server thread/INFO]: Preparing start region for dimension minecraft:the_end
[00:50:32] [Server thread/INFO]: Time elapsed: 111 ms
[00:50:32] [Server thread/INFO]: [spark] Starting background profiler...
[00:50:33] [Server thread/INFO]: Done preparing level "world" (3.558s)
[00:50:33] [Server thread/INFO]: Running delayed init tasks
[00:50:33] [Server thread/INFO]: Done (19.166s)! For help, type "help"
[00:50:33] [Server thread/INFO]: Timings Reset
[00:50:39] [User Authenticator #0/INFO]: UUID of player Rotnni is 87495cd5-5a74-35b0-9247-10218eab97fe
[00:50:41] [Server thread/INFO]: Rotnni joined the game
[00:50:42] [Server thread/INFO]: Rotnni[/127.56.229.0:58525] logged in with entity id 22 at ([world]-3038.5, 71.0, -237.5)
[00:56:57] [Server thread/WARN]: Rotnni was kicked for floating too long!
[00:56:57] [Server thread/INFO]: Rotnni lost connection: Flying is not enabled on this server
[00:56:57] [Server thread/INFO]: Rotnni left the game
[00:57:12] [User Authenticator #1/INFO]: UUID of player Rotnni is 87495cd5-5a74-35b0-9247-10218eab97fe
[00:57:15] [Server thread/INFO]: Rotnni joined the game
[00:57:15] [Server thread/INFO]: Rotnni[/127.56.229.0:52579] logged in with entity id 2220 at ([world]-3013.4164692037657, 74.0, -224.26446551972353)
[00:58:30] [Server thread/WARN]: Rotnni moved too quickly! 9.634541077023187,0.15233518685055003,4.7211348491447325
